<?xml version="1.0" encoding="UTF-8" ?>
<testsuite errors="0" failures="0" hostname="e-c07kilf3117.it.manchester.ac.uk" name="GameTestsForExE1" skipped="0" tests="1" time="0.004" timestamp="2019-02-08T17:16:36">
  <properties>
    <property name="java.vendor" value="Oracle Corporation" />
    <property name="lib.dir" value="./lib" />
    <property name="sun.java.launcher" value="SUN_STANDARD" />
    <property name="sun.management.compiler" value="HotSpot 64-Bit Tiered Compilers" />
    <property name="exGtestClass" value="GameTestsForExG.java" />
    <property name="os.name" value="Linux" />
    <property name="sun.boot.class.path" value="/opt/JDK/jdk1.7.0_79/jre/lib/resources.jar:/opt/JDK/jdk1.7.0_79/jre/lib/rt.jar:/opt/JDK/jdk1.7.0_79/jre/lib/sunrsasign.jar:/opt/JDK/jdk1.7.0_79/jre/lib/jsse.jar:/opt/JDK/jdk1.7.0_79/jre/lib/jce.jar:/opt/JDK/jdk1.7.0_79/jre/lib/charsets.jar:/opt/JDK/jdk1.7.0_79/jre/lib/jfr.jar:/opt/JDK/jdk1.7.0_79/jre/classes" />
    <property name="test.reports.dir" value="test_reports" />
    <property name="sun.desktop" value="gnome" />
    <property name="java.vm.specification.vendor" value="Oracle Corporation" />
    <property name="ant.home" value="/netopt/apache-ant-1.9.4" />
    <property name="java.runtime.version" value="1.7.0_79-b15" />
    <property name="exE2testClass" value="GameTestsForExE2.java" />
    <property name="exE4testClass" value="GameTestsForExE4.java" />
    <property name="user.name" value="u15794sg" />
    <property name="build.dir" value="." />
    <property name="user.language" value="en" />
    <property name="sun.boot.library.path" value="/opt/JDK/jdk1.7.0_79/jre/lib/amd64" />
    <property name="ant.project.default-target" value="test-all" />
    <property name="ant.project.name" value="COMP16212 Snake Game Test Suite" />
    <property name="ant.file.COMP16212 Snake Game Test Suite" value="/home/u15794sg/COMP16212/ex1/UNIT-TESTING/build.xml" />
    <property name="java.version" value="1.7.0_79" />
    <property name="user.timezone" value="" />
    <property name="exC2testClass" value="GameTestsForExC2.java" />
    <property name="sun.arch.data.model" value="64" />
    <property name="java.endorsed.dirs" value="/opt/JDK/jdk1.7.0_79/jre/lib/endorsed" />
    <property name="sun.cpu.isalist" value="" />
    <property name="sun.jnu.encoding" value="UTF-8" />
    <property name="file.encoding.pkg" value="sun.io" />
    <property name="exBtestClass" value="GameTestsForExB.java" />
    <property name="file.separator" value="/" />
    <property name="java.specification.name" value="Java Platform API Specification" />
    <property name="java.class.version" value="51.0" />
    <property name="user.country" value="GB" />
    <property name="java.home" value="/opt/JDK/jdk1.7.0_79/jre" />
    <property name="java.vm.info" value="mixed mode" />
    <property name="ant.file" value="/home/u15794sg/COMP16212/ex1/UNIT-TESTING/build.xml" />
    <property name="os.version" value="3.10.0-693.2.2.el7.x86_64" />
    <property name="path.separator" value=":" />
    <property name="java.vm.version" value="24.79-b02" />
    <property name="ant.library.dir" value="/netopt/apache-ant-1.9.4/lib" />
    <property name="exDtestClass" value="GameTestsForExD.java" />
    <property name="java.awt.printerjob" value="sun.print.PSPrinterJob" />
    <property name="sun.io.unicode.encoding" value="UnicodeLittle" />
    <property name="awt.toolkit" value="sun.awt.X11.XToolkit" />
    <property name="exFtestClass" value="GameTestsForExF.java" />
    <property name="testClassSuffix" value=".java" />
    <property name="user.home" value="/home/u15794sg" />
    <property name="exHtestClass" value="GameTestsForExH.java" />
    <property name="ant.file.type.COMP16212 Snake Game Test Suite" value="file" />
    <property name="java.specification.vendor" value="Oracle Corporation" />
    <property name="test.dir" value="." />
    <property name="exE1testClass" value="GameTestsForExE1.java" />
    <property name="testClassPrefix" value="GameTestsForEx" />
    <property name="java.library.path" value="/usr/java/packages/lib/amd64:/usr/lib64:/lib64:/lib:/usr/lib" />
    <property name="java.vendor.url" value="http://java.oracle.com/" />
    <property name="java.vm.vendor" value="Oracle Corporation" />
    <property name="exE3testClass" value="GameTestsForExE3.java" />
    <property name="java.runtime.name" value="Java(TM) SE Runtime Environment" />
    <property name="sun.java.command" value="org.apache.tools.ant.launch.Launcher -cp " />
    <property name="java.class.path" value="/netopt/apache-ant-1.9.4/lib/ant-launcher.jar:/netopt/apache-ant-1.9.4/lib/ant-jmf.jar:/netopt/apache-ant-1.9.4/lib/ant-apache-bcel.jar:/netopt/apache-ant-1.9.4/lib/ant-jsch.jar:/netopt/apache-ant-1.9.4/lib/ant-commons-net.jar:/netopt/apache-ant-1.9.4/lib/ant-junit4.jar:/netopt/apache-ant-1.9.4/lib/ant-apache-bsf.jar:/netopt/apache-ant-1.9.4/lib/ant-netrexx.jar:/netopt/apache-ant-1.9.4/lib/ant-junit.jar:/netopt/apache-ant-1.9.4/lib/ant-jdepend.jar:/netopt/apache-ant-1.9.4/lib/ant-testutil.jar:/netopt/apache-ant-1.9.4/lib/ant-launcher.jar:/netopt/apache-ant-1.9.4/lib/ant-antlr.jar:/netopt/apache-ant-1.9.4/lib/ant-javamail.jar:/netopt/apache-ant-1.9.4/lib/ant-commons-logging.jar:/netopt/apache-ant-1.9.4/lib/ant-apache-xalan2.jar:/netopt/apache-ant-1.9.4/lib/ant-apache-regexp.jar:/netopt/apache-ant-1.9.4/lib/ant-jai.jar:/netopt/apache-ant-1.9.4/lib/ant-apache-log4j.jar:/netopt/apache-ant-1.9.4/lib/ant-swing.jar:/netopt/apache-ant-1.9.4/lib/ant.jar:/netopt/apache-ant-1.9.4/lib/ant-apache-resolver.jar:/netopt/apache-ant-1.9.4/lib/ant-apache-oro.jar:/opt/JDK/jdk1.7.0_79/lib/tools.jar" />
    <property name="ant.version" value="Apache Ant(TM) version 1.9.4 compiled on April 29 2014" />
    <property name="exE5testClass" value="GameTestsForExE5.java" />
    <property name="java.vm.specification.name" value="Java Virtual Machine Specification" />
    <property name="ant.file.type" value="file" />
    <property name="java.vm.specification.version" value="1.7" />
    <property name="sun.cpu.endian" value="little" />
    <property name="sun.os.patch.level" value="unknown" />
    <property name="java.io.tmpdir" value="/tmp" />
    <property name="java.vendor.url.bug" value="http://bugreport.sun.com/bugreport/" />
    <property name="exC1testClass" value="GameTestsForExC1.java" />
    <property name="os.arch" value="amd64" />
    <property name="java.awt.graphicsenv" value="sun.awt.X11GraphicsEnvironment" />
    <property name="java.ext.dirs" value="/opt/JDK/jdk1.7.0_79/jre/lib/ext:/usr/java/packages/lib/ext" />
    <property name="exC3testClass" value="GameTestsForExC3.java" />
    <property name="user.dir" value="/home/u15794sg/COMP16212/ex1/UNIT-TESTING" />
    <property name="exAtestClass" value="GameTestsForExA.java" />
    <property name="line.separator" value="&#xa;" />
    <property name="java.vm.name" value="Java HotSpot(TM) 64-Bit Server VM" />
    <property name="basedir" value="/home/u15794sg/COMP16212/ex1/UNIT-TESTING" />
    <property name="ant.java.version" value="1.7" />
    <property name="ant.core.lib" value="/netopt/apache-ant-1.9.4/lib/ant.jar" />
    <property name="file.encoding" value="UTF-8" />
    <property name="java.specification.version" value="1.7" />
    <property name="src.dir" value="." />
    <property name="ant.project.invoked-targets" value="test-all" />
  </properties>
  <testcase classname="GameTestsForExE1" name="shouldNotMoveIfSnakeHeadIsBloody" time="0.001" />
  <system-out><![CDATA[]]></system-out>
  <system-err><![CDATA[]]></system-err>
</testsuite>
